<?xml version="1.0" encoding="UTF-8"?>
<!-- Generated by org.testng.reporters.JUnitXMLReporter -->
<testsuite ignored="3" hostname="NMSLAP511" failures="0" tests="1" name="Test" time="0.386" errors="0" timestamp="2025-05-27T12:22:03 IST">
  <testcase classname="a3_TestNG_Practice.TestNG_Practice_26_05_25" name="orderPlacement" time="0.052"/>
  <testcase classname="a3_TestNG_Practice.TestNG_Practice_26_05_25" name="browserLaunch" time="0.0">
    <ignored/>
  </testcase> <!-- browserLaunch -->
  <testcase classname="a3_TestNG_Practice.TestNG_Practice_26_05_25" name="logout" time="0.0">
    <ignored/>
  </testcase> <!-- logout -->
  <testcase classname="a3_TestNG_Practice.TestNG_Practice_26_05_25" name="login" time="0.0">
    <ignored/>
  </testcase> <!-- login -->
</testsuite> <!-- Test -->
