<?xml version="1.0" encoding="UTF-8"?>
<testng-results ignored="3" total="4" passed="1" failed="0" skipped="0">
  <reporter-output>
  </reporter-output>
  <suite started-at="2025-05-27T12:22:02 IST" name="Suite" finished-at="2025-05-27T12:22:03 IST" duration-ms="386">
    <groups>
      <group name="smoke">
        <method signature="TestNG_Practice_26_05_25.orderPlacement()[pri:0, instance:a3_TestNG_Practice.TestNG_Practice_26_05_25@459e9125]" name="orderPlacement" class="a3_TestNG_Practice.TestNG_Practice_26_05_25"/>
      </group> <!-- smoke -->
    </groups>
    <test started-at="2025-05-27T12:22:02 IST" name="Test" finished-at="2025-05-27T12:22:03 IST" duration-ms="386">
      <class name="a3_TestNG_Practice.TestNG_Practice_26_05_25">
        <test-method signature="orderPlacement()[pri:0, instance:a3_TestNG_Practice.TestNG_Practice_26_05_25@459e9125]" started-at="2025-05-27T12:22:02 IST" name="orderPlacement" finished-at="2025-05-27T12:22:03 IST" duration-ms="52" status="PASS">
          <reporter-output>
          </reporter-output>
        </test-method> <!-- orderPlacement -->
      </class> <!-- a3_TestNG_Practice.TestNG_Practice_26_05_25 -->
    </test> <!-- Test -->
  </suite> <!-- Suite -->
</testng-results>
